<testsuites id="" name="" tests="12" failures="0" skipped="0" errors="0" time="27.241152000000003">
<testsuite name="..\auth.teardown.ts" timestamp="2025-11-02T16:38:47.220Z" hostname="teardown" tests="1" failures="0" skipped="0" time="0.431" errors="0">
<testcase name="cleanup test environment" classname="..\auth.teardown.ts" time="0.431">
<system-out>
<![CDATA[🧹 Cleaning up test environment...
🔍 Searching for test decks to clean up...
✨ Cleanup complete! Removed 0 test deck(s)
]]>
</system-out>
</testcase>
</testsuite>
<testsuite name="..\auth.setup.ts" timestamp="2025-11-02T16:38:47.220Z" hostname="setup" tests="1" failures="0" skipped="0" time="3.295" errors="0">
<testcase name="authenticate" classname="..\auth.setup.ts" time="3.295">
<system-out>
<![CDATA[� Authenticating test user...
✅ Authentication successful, saved to C:\git\10x-cards\.auth\user.json
]]>
</system-out>
</testcase>
</testsuite>
<testsuite name="ai-generation-with-cleanup.spec.ts" timestamp="2025-11-02T16:38:47.220Z" hostname="chromium" tests="1" failures="0" skipped="0" time="19.608" errors="0">
<testcase name="AI Flashcard Generation with Cleanup › @slow can generate ML deck and review cards" classname="ai-generation-with-cleanup.spec.ts" time="19.608">
<properties>
<property name="slow" value="">
</property>
</properties>
<system-out>
<![CDATA[Created deck with ID: d2c1acd2-f59e-4d66-8d80-839fc6b7b9bd
Cleaned up deck: d2c1acd2-f59e-4d66-8d80-839fc6b7b9bd
]]>
</system-out>
</testcase>
</testsuite>
<testsuite name="auth.spec.ts" timestamp="2025-11-02T16:38:47.220Z" hostname="chromium" tests="1" failures="0" skipped="0" time="3.849" errors="0">
<testcase name="Authentication › user can login with valid credentials" classname="auth.spec.ts" time="3.849">
</testcase>
</testsuite>
<testsuite name="decks.spec.ts" timestamp="2025-11-02T16:38:47.220Z" hostname="chromium" tests="1" failures="0" skipped="0" time="1.321" errors="0">
<testcase name="Decks Management › displays decks page" classname="decks.spec.ts" time="1.321">
</testcase>
</testsuite>
<testsuite name="example-authenticated.spec.ts" timestamp="2025-11-02T16:38:47.220Z" hostname="chromium" tests="2" failures="0" skipped="0" time="1.831" errors="0">
<testcase name="Authenticated User Tests › can access decks page when authenticated" classname="example-authenticated.spec.ts" time="1.075">
</testcase>
<testcase name="Authenticated User Tests › can see create deck button" classname="example-authenticated.spec.ts" time="0.756">
</testcase>
</testsuite>
<testsuite name="simple-test.spec.ts" timestamp="2025-11-02T16:38:47.220Z" hostname="chromium" tests="3" failures="0" skipped="0" time="5.394" errors="0">
<testcase name="Public Pages - No Auth Required › can view login page" classname="simple-test.spec.ts" time="1.108">
</testcase>
<testcase name="Public Pages - No Auth Required › submit button is disabled when fields are empty" classname="simple-test.spec.ts" time="1.001">
</testcase>
<testcase name="Public Pages - No Auth Required › can type in email and password fields" classname="simple-test.spec.ts" time="3.285">
</testcase>
</testsuite>
<testsuite name="study-session-with-cleanup.spec.ts" timestamp="2025-11-02T16:38:47.220Z" hostname="chromium" tests="2" failures="0" skipped="0" time="28.039" errors="0">
<testcase name="Study Session with Cleanup › @slow can complete study session with various grades" classname="study-session-with-cleanup.spec.ts" time="16.766">
<properties>
<property name="slow" value="">
</property>
</properties>
<system-out>
<![CDATA[Created deck for study: dd8daa6c-0736-44e9-a912-763e60d762f7
Reviewed card 1 with grade 4
Reviewed card 2 with grade 2
Reviewed card 3 with grade 5
Study session completed successfully
Cleaned up deck: dd8daa6c-0736-44e9-a912-763e60d762f7
]]>
</system-out>
</testcase>
<testcase name="Study Session with Cleanup › @slow can navigate between cards and complete session" classname="study-session-with-cleanup.spec.ts" time="11.273">
<properties>
<property name="slow" value="">
</property>
</properties>
<system-out>
<![CDATA[Created math deck: a3ca36c1-1580-41df-9aad-bb408ba71111
Reviewed first card with grade 5
Reviewed second card with grade 4
Study session completed with 2 cards
Cleaned up deck: a3ca36c1-1580-41df-9aad-bb408ba71111
]]>
</system-out>
</testcase>
</testsuite>
</testsuites>